00:00:00.001313 main     VirtualBox XPCOM Server 7.2.6 r172322 linux.amd64 (Jan 20 2026 17:07:15) release log
00:00:00.001316 main     Log opened 2026-06-03T11:38:10.729212000Z
00:00:00.001317 main     Build Type: release
00:00:00.001320 main     OS Product: Linux
00:00:00.001322 main     OS Release: 6.18.7-76061807-generic
00:00:00.001333 main     OS Version: #202601231045~1778249322~24.04~b44a3c3 SMP PREEMPT_DYNAMIC Fri M
00:00:00.001360 main     DMI Product Name: 300E5M/300E5L
00:00:00.001369 main     DMI Product Version: P05RED
00:00:00.001376 main     Firmware type: UEFI
00:00:00.002148 main     Secure Boot: Disabled
00:00:00.002207 main     Host RAM: 7848MB (7.6GB) total, 4906MB (4.7GB) available
00:00:00.002213 main     Executable: /usr/lib/virtualbox/VBoxSVC
00:00:00.002214 main     Process ID: 5458
00:00:00.002215 main     Package type: LINUX_64BITS_UBUNTU_24_04
00:00:00.010341 main     IPC socket path: /tmp/.vbox-eduardo-ipc/ipcd
00:00:00.033493 DCon01   VirtualBox: object creation starts
00:00:00.035768 DCon01   Home directory: '/home/eduardo/.config/VirtualBox'
00:00:00.037258 DCon01   Loading settings file "/home/eduardo/.config/VirtualBox/VirtualBox.xml" with version "1.21-linux"
00:00:00.048206 DCon01   USB: Unknown USB device detected (idVendor: 0x0cf3, idProduct: 0xe500)
00:00:00.048376 DCon01   Successfully initialised host USB using sysfs
00:00:00.059070 DCon01   Failed to retrive disk info: getDiskName(/dev/mapper/data-root) --> data-root
00:00:00.069133 DCon01   NetIfAdpCtlOut: VBoxNetAdpCtl: Error while retrieving link speed for wlp3s0: VBoxNetAdpCtl: ioctl failed: Operation not supported
00:00:00.071165 DCon01   HostDnsMonitor: initializing
00:00:00.071426 DCon01   NAT: resolv.conf: nameserver 127.0.0.53
00:00:00.071442 DCon01   NAT: resolv.conf: ignoring "options edns0 trust-ad"
00:00:00.071462 DCon01   HostDnsMonitor: updating information
00:00:00.071481 DCon01   HostDnsMonitor: old information
00:00:00.071485 DCon01     no server entries
00:00:00.071488 DCon01     no domain set
00:00:00.071492 DCon01     no search string entries
00:00:00.071496 DCon01   HostDnsMonitor: new information
00:00:00.071499 DCon01     server 1: 127.0.0.53
00:00:00.071503 DCon01     domain: .
00:00:00.071506 DCon01     search string 1: .
00:00:00.080191 DCon01   VD: VDInit finished with VINF_SUCCESS
00:00:00.097401 DCon01   rtldrNativeLoad: dlopen('/usr/lib/virtualbox/ExtensionPacks/Oracle_VM_VirtualBox_Extension_Pack/linux.amd64/VBoxPuelMain.so', RTLD_NOW | RTLD_LOCAL) failed: /usr/lib/virtualbox/ExtensionPacks/Oracle_VM_VirtualBox_Extension_Pack/linux.amd64/VBoxPuelMain.so: undefined symbol: _ZNK9RTCString10startsWithERKS_NS_15CaseSensitivityE
00:00:00.123235 DCon01   Platform architecture set to 'x86'
00:00:00.126172 DCon01   Loading settings file "/home/eduardo/VirtualBox VMs/windows732/windows732.vbox" with version "1.19-linux"
00:00:00.126903 DCon01   Platform architecture set to 'x86'
00:00:00.129061 DCon01   Platform architecture set to 'x86'
00:00:00.129964 DCon01   Loading settings file "/home/eduardo/VirtualBox VMs/W10/W10.vbox" with version "1.19-linux"
00:00:00.130272 DCon01   Platform architecture set to 'x86'
00:00:00.136145 DCon01   OCI: Local config file '/home/eduardo/.config/VirtualBox/oci_config' does not exist
00:00:00.136180 DCon01   OCI: Original config file '/home/eduardo/.oci/config' does not exist
00:00:00.136185 DCon01   OCI: Reading profiles finished with status NS_OK
00:00:00.136195 DCon01   ExtPack: Created cloud provider 'OCI' (hrc=NS_OK)
00:00:00.136967 DCon01   VirtualBox: object created
00:00:01.633122 DCon06   Saving settings file "/home/eduardo/.config/VirtualBox/VirtualBox.xml" with version "1.21-linux"
00:00:01.665154 DCon06   Finished saving settings file "/home/eduardo/.config/VirtualBox/VirtualBox.xml"
00:00:01.665775 DCon06   Saving settings file "/home/eduardo/.config/VirtualBox/VirtualBox.xml" with version "1.21-linux"
00:00:01.689045 DCon06   Finished saving settings file "/home/eduardo/.config/VirtualBox/VirtualBox.xml"
00:00:01.690249 DCon06   Saving settings file "/home/eduardo/.config/VirtualBox/VirtualBox.xml" with version "1.21-linux"
00:00:01.757680 DCon06   Finished saving settings file "/home/eduardo/.config/VirtualBox/VirtualBox.xml"
00:00:01.979345 DCon06   ERROR [COM]: aRC=VBOX_E_OBJECT_NOT_FOUND (0x80bb0001) aIID={5bfd8965-b81b-469f-8649-f717ce97a5d5} aComponent={NvramStoreWrap} aText={The UEFI NVRAM file is not existing for this machine}, preserve=false aResultDetail=0
00:00:06.939227 DCon04   Launched VM: 1409289152 pid: 5505 (0x1581) frontend: GUI/Qt name: W10
00:00:07.003857 DCon04   ERROR [COM]: aRC=VBOX_E_OBJECT_NOT_FOUND (0x80bb0001) aIID={5bfd8965-b81b-469f-8649-f717ce97a5d5} aComponent={NvramStoreWrap} aText={The UEFI NVRAM file is not existing for this machine}, preserve=false aResultDetail=0
00:00:07.654056 DCon10   Platform architecture set to 'x86'
00:00:07.690762 DCon05   ERROR [COM]: aRC=VBOX_E_OBJECT_NOT_FOUND (0x80bb0001) aIID={5bfd8965-b81b-469f-8649-f717ce97a5d5} aComponent={NvramStoreWrap} aText={The UEFI NVRAM file is not existing for this machine}, preserve=false aResultDetail=0
00:00:08.667991 DCon10   ERROR [COM]: aRC=NS_ERROR_FAILURE (0x80004005) aIID={83cfdc66-4f20-4569-ad39-8722f7d472b3} aComponent={RecordingSettingsWrap} aText={Recording not started}, preserve=false aResultDetail=0
00:00:08.751650 DCon06   NetIfAdpCtlOut: VBoxNetAdpCtl: Error while retrieving link speed for wlp3s0: VBoxNetAdpCtl: ioctl failed: Operation not supported
00:00:08.905631 DCon10   ERROR [COM]: aRC=VBOX_E_OBJECT_NOT_FOUND (0x80bb0001) aIID={5bfd8965-b81b-469f-8649-f717ce97a5d5} aComponent={NvramStoreWrap} aText={The UEFI NVRAM file is not existing for this machine}, preserve=false aResultDetail=0
00:00:08.991370 DCon08   ERROR [COM]: aRC=NS_ERROR_FAILURE (0x80004005) aIID={83cfdc66-4f20-4569-ad39-8722f7d472b3} aComponent={RecordingSettingsWrap} aText={Recording not started}, preserve=false aResultDetail=0
00:00:09.216634 DCon01   ERROR [COM]: aRC=VBOX_E_OBJECT_NOT_FOUND (0x80bb0001) aIID={7d510820-a678-4730-a862-818dcd3fbed0} aComponent={MediumWrap} aText={Property 'CRYPT/KeyId' does not exist}, preserve=false aResultDetail=0
00:00:09.219132 DCon01   HostDnsMonitorProxy::GetDomainName: .
00:00:09.219291 DCon01   HostDnsMonitorProxy::GetNameServers:
00:00:09.219296 DCon01     name server 1: 127.0.0.53
00:00:09.219452 DCon01   HostDnsMonitorProxy::GetSearchStrings:
00:00:09.219460 DCon01     search string 1: .
00:00:09.260039 DCon02   ERROR [COM]: aRC=NS_ERROR_FAILURE (0x80004005) aIID={83cfdc66-4f20-4569-ad39-8722f7d472b3} aComponent={RecordingSettingsWrap} aText={Recording not started}, preserve=false aResultDetail=0
00:00:09.368272 DCon05   ERROR [COM]: aRC=VBOX_E_OBJECT_NOT_FOUND (0x80bb0001) aIID={5bfd8965-b81b-469f-8649-f717ce97a5d5} aComponent={NvramStoreWrap} aText={The UEFI NVRAM file is not existing for this machine}, preserve=false aResultDetail=0
00:00:09.614831 DCon05   Saving settings file "/home/eduardo/VirtualBox VMs/W10/W10.vbox" with version "1.19-linux"
00:00:09.640626 DCon05   Finished saving settings file "/home/eduardo/VirtualBox VMs/W10/W10.vbox"
00:00:09.675752 DCon07   ERROR [COM]: aRC=VBOX_E_OBJECT_NOT_FOUND (0x80bb0001) aIID={5bfd8965-b81b-469f-8649-f717ce97a5d5} aComponent={NvramStoreWrap} aText={The UEFI NVRAM file is not existing for this machine}, preserve=false aResultDetail=0
00:00:09.987801 DCon07   Saving settings file "/home/eduardo/VirtualBox VMs/W10/W10.vbox" with version "1.19-linux"
00:00:10.030243 DCon07   Finished saving settings file "/home/eduardo/VirtualBox VMs/W10/W10.vbox"
00:00:10.060402 DCon10   ERROR [COM]: aRC=VBOX_E_OBJECT_NOT_FOUND (0x80bb0001) aIID={5bfd8965-b81b-469f-8649-f717ce97a5d5} aComponent={NvramStoreWrap} aText={The UEFI NVRAM file is not existing for this machine}, preserve=false aResultDetail=0
00:00:12.404385 DCon07   Saving settings file "/home/eduardo/VirtualBox VMs/W10/W10.vbox" with version "1.19-linux"
00:00:12.421956 DCon07   Finished saving settings file "/home/eduardo/VirtualBox VMs/W10/W10.vbox"
00:00:12.444209 DCon11   ERROR [COM]: aRC=VBOX_E_OBJECT_NOT_FOUND (0x80bb0001) aIID={5bfd8965-b81b-469f-8649-f717ce97a5d5} aComponent={NvramStoreWrap} aText={The UEFI NVRAM file is not existing for this machine}, preserve=false aResultDetail=0
00:00:13.178856 DCon04   Saving settings file "/home/eduardo/VirtualBox VMs/W10/W10.vbox" with version "1.19-linux"
00:00:13.198486 DCon04   Finished saving settings file "/home/eduardo/VirtualBox VMs/W10/W10.vbox"
00:00:13.221164 DCon11   ERROR [COM]: aRC=VBOX_E_OBJECT_NOT_FOUND (0x80bb0001) aIID={5bfd8965-b81b-469f-8649-f717ce97a5d5} aComponent={NvramStoreWrap} aText={The UEFI NVRAM file is not existing for this machine}, preserve=false aResultDetail=0
00:00:25.382903 DCon08   Saving settings file "/home/eduardo/VirtualBox VMs/W10/W10.vbox" with version "1.19-linux"
00:00:25.407445 DCon08   Finished saving settings file "/home/eduardo/VirtualBox VMs/W10/W10.vbox"
00:00:25.488826 DCon01   ERROR [COM]: aRC=VBOX_E_OBJECT_NOT_FOUND (0x80bb0001) aIID={5bfd8965-b81b-469f-8649-f717ce97a5d5} aComponent={NvramStoreWrap} aText={The UEFI NVRAM file is not existing for this machine}, preserve=false aResultDetail=0
00:18:33.586581 DCon46   ERROR [COM]: aRC=NS_ERROR_FAILURE (0x80004005) aIID={83cfdc66-4f20-4569-ad39-8722f7d472b3} aComponent={RecordingSettingsWrap} aText={Recording not started}, preserve=false aResultDetail=0
00:18:33.623106 DCon32   ERROR [COM]: aRC=VBOX_E_OBJECT_NOT_FOUND (0x80bb0001) aIID={5bfd8965-b81b-469f-8649-f717ce97a5d5} aComponent={NvramStoreWrap} aText={The UEFI NVRAM file is not existing for this machine}, preserve=false aResultDetail=0
00:18:35.859365 DCon37   ERROR [COM]: aRC=NS_ERROR_FAILURE (0x80004005) aIID={83cfdc66-4f20-4569-ad39-8722f7d472b3} aComponent={RecordingSettingsWrap} aText={Recording not started}, preserve=false aResultDetail=0
00:18:35.862219 DCon37   ERROR [COM]: aRC=VBOX_E_INVALID_VM_STATE (0x80bb0002) aIID={e36a5081-a82a-40bd-9e4e-42a44d6ce50f} aComponent={SessionMachine} aText={The machine is not mutable or saved (state is Stopping)}, preserve=false aResultDetail=0
00:18:35.872823 DCon38   Saving settings file "/home/eduardo/VirtualBox VMs/W10/W10.vbox" with version "1.19-linux"
00:18:35.892128 DCon38   Finished saving settings file "/home/eduardo/VirtualBox VMs/W10/W10.vbox"
00:18:35.918186 DCon38   ERROR [COM]: aRC=NS_ERROR_FAILURE (0x80004005) aIID={83cfdc66-4f20-4569-ad39-8722f7d472b3} aComponent={RecordingSettingsWrap} aText={Recording not started}, preserve=false aResultDetail=0
00:18:36.226677 DCon32   ERROR [COM]: aRC=NS_ERROR_INVALID_ARG (0x80070057) aIID={e36a5081-a82a-40bd-9e4e-42a44d6ce50f} aComponent={SessionMachine} aText={Properties with TRANSIENT or TRANSRESET flag cannot be set or modified if VM is not running}, preserve=false aResultDetail=0
00:18:36.557132 DCon32   ERROR [COM]: aRC=VBOX_E_OBJECT_NOT_FOUND (0x80bb0001) aIID={5bfd8965-b81b-469f-8649-f717ce97a5d5} aComponent={NvramStoreWrap} aText={The UEFI NVRAM file is not existing for this machine}, preserve=false aResultDetail=0
00:18:36.944497 DCon38   ERROR [COM]: aRC=VBOX_E_OBJECT_NOT_FOUND (0x80bb0001) aIID={5bfd8965-b81b-469f-8649-f717ce97a5d5} aComponent={NvramStoreWrap} aText={The UEFI NVRAM file is not existing for this machine}, preserve=false aResultDetail=0
00:18:43.739701 DCon17   Launched VM: 2661615760 pid: 6434 (0x1922) frontend: GUI/Qt name: W10
00:18:43.794818 DCon38   ERROR [COM]: aRC=VBOX_E_OBJECT_NOT_FOUND (0x80bb0001) aIID={5bfd8965-b81b-469f-8649-f717ce97a5d5} aComponent={NvramStoreWrap} aText={The UEFI NVRAM file is not existing for this machine}, preserve=false aResultDetail=0
00:18:44.400694 DCon43   Platform architecture set to 'x86'
00:18:44.428416 DCon30   ERROR [COM]: aRC=VBOX_E_OBJECT_NOT_FOUND (0x80bb0001) aIID={5bfd8965-b81b-469f-8649-f717ce97a5d5} aComponent={NvramStoreWrap} aText={The UEFI NVRAM file is not existing for this machine}, preserve=false aResultDetail=0
00:18:45.432602 DCon38   ERROR [COM]: aRC=NS_ERROR_FAILURE (0x80004005) aIID={83cfdc66-4f20-4569-ad39-8722f7d472b3} aComponent={RecordingSettingsWrap} aText={Recording not started}, preserve=false aResultDetail=0
00:18:45.880258 DCon38   NetIfAdpCtlOut: VBoxNetAdpCtl: Error while retrieving link speed for wlp3s0: VBoxNetAdpCtl: ioctl failed: Operation not supported
00:18:45.994896 DCon45   ERROR [COM]: aRC=VBOX_E_OBJECT_NOT_FOUND (0x80bb0001) aIID={5bfd8965-b81b-469f-8649-f717ce97a5d5} aComponent={NvramStoreWrap} aText={The UEFI NVRAM file is not existing for this machine}, preserve=false aResultDetail=0
00:18:46.171579 DCon17   ERROR [COM]: aRC=NS_ERROR_FAILURE (0x80004005) aIID={83cfdc66-4f20-4569-ad39-8722f7d472b3} aComponent={RecordingSettingsWrap} aText={Recording not started}, preserve=false aResultDetail=0
00:18:46.439646 DCon17   ERROR [COM]: aRC=VBOX_E_OBJECT_NOT_FOUND (0x80bb0001) aIID={7d510820-a678-4730-a862-818dcd3fbed0} aComponent={MediumWrap} aText={Property 'CRYPT/KeyId' does not exist}, preserve=false aResultDetail=0
00:18:46.441651 DCon45   HostDnsMonitorProxy::GetDomainName: .
00:18:46.441823 DCon45   HostDnsMonitorProxy::GetNameServers:
00:18:46.441851 DCon45     name server 1: 127.0.0.53
00:18:46.442001 DCon45   HostDnsMonitorProxy::GetSearchStrings:
00:18:46.442006 DCon45     search string 1: .
00:18:46.486561 DCon37   ERROR [COM]: aRC=NS_ERROR_FAILURE (0x80004005) aIID={83cfdc66-4f20-4569-ad39-8722f7d472b3} aComponent={RecordingSettingsWrap} aText={Recording not started}, preserve=false aResultDetail=0
00:18:46.566822 DCon47   ERROR [COM]: aRC=VBOX_E_OBJECT_NOT_FOUND (0x80bb0001) aIID={5bfd8965-b81b-469f-8649-f717ce97a5d5} aComponent={NvramStoreWrap} aText={The UEFI NVRAM file is not existing for this machine}, preserve=false aResultDetail=0
00:21:48.029680 DCon45   Saving settings file "/home/eduardo/.config/VirtualBox/VirtualBox.xml" with version "1.21-linux"
00:21:48.462323 DCon45   Finished saving settings file "/home/eduardo/.config/VirtualBox/VirtualBox.xml"
00:21:49.056173 DCon43   ERROR [COM]: aRC=VBOX_E_OBJECT_NOT_FOUND (0x80bb0001) aIID={5bfd8965-b81b-469f-8649-f717ce97a5d5} aComponent={NvramStoreWrap} aText={The UEFI NVRAM file is not existing for this machine}, preserve=false aResultDetail=0
00:21:50.282276 DCon53   Launched VM: 1342215296 pid: 6563 (0x19a3) frontend: GUI/Qt name: windows732
00:21:50.344623 DCon53   ERROR [COM]: aRC=VBOX_E_OBJECT_NOT_FOUND (0x80bb0001) aIID={5bfd8965-b81b-469f-8649-f717ce97a5d5} aComponent={NvramStoreWrap} aText={The UEFI NVRAM file is not existing for this machine}, preserve=false aResultDetail=0
00:21:50.836183 DCon52   Platform architecture set to 'x86'
00:21:50.861017 DCon38   ERROR [COM]: aRC=VBOX_E_OBJECT_NOT_FOUND (0x80bb0001) aIID={5bfd8965-b81b-469f-8649-f717ce97a5d5} aComponent={NvramStoreWrap} aText={The UEFI NVRAM file is not existing for this machine}, preserve=false aResultDetail=0
00:21:54.043603 DCon43   NetIfAdpCtlOut: VBoxNetAdpCtl: Error while retrieving link speed for wlp3s0: VBoxNetAdpCtl: ioctl failed: Operation not supported
00:21:54.155216 DCon32   ERROR [COM]: aRC=VBOX_E_OBJECT_NOT_FOUND (0x80bb0001) aIID={5bfd8965-b81b-469f-8649-f717ce97a5d5} aComponent={NvramStoreWrap} aText={The UEFI NVRAM file is not existing for this machine}, preserve=false aResultDetail=0
00:21:55.222503 DCon47   ERROR [COM]: aRC=VBOX_E_OBJECT_NOT_FOUND (0x80bb0001) aIID={7d510820-a678-4730-a862-818dcd3fbed0} aComponent={MediumWrap} aText={Property 'CRYPT/KeyId' does not exist}, preserve=false aResultDetail=0
00:21:55.224338 DCon47   ERROR [COM]: aRC=VBOX_E_OBJECT_NOT_FOUND (0x80bb0001) aIID={7d510820-a678-4730-a862-818dcd3fbed0} aComponent={MediumWrap} aText={Property 'CRYPT/KeyId' does not exist}, preserve=false aResultDetail=0
00:21:55.227190 DCon47   HostDnsMonitorProxy::GetDomainName: .
00:21:55.227379 DCon47   HostDnsMonitorProxy::GetNameServers:
00:21:55.227389 DCon47     name server 1: 127.0.0.53
00:21:55.227603 DCon47   HostDnsMonitorProxy::GetSearchStrings:
00:21:55.227610 DCon47     search string 1: .
00:21:55.324450 DCon43   ERROR [COM]: aRC=VBOX_E_OBJECT_NOT_FOUND (0x80bb0001) aIID={5bfd8965-b81b-469f-8649-f717ce97a5d5} aComponent={NvramStoreWrap} aText={The UEFI NVRAM file is not existing for this machine}, preserve=false aResultDetail=0
07:32:13.996213 DCon521  ERROR [COM]: aRC=NS_ERROR_FAILURE (0x80004005) aIID={83cfdc66-4f20-4569-ad39-8722f7d472b3} aComponent={RecordingSettingsWrap} aText={Recording not started}, preserve=false aResultDetail=0
07:32:14.074693 DCon502  ERROR [COM]: aRC=VBOX_E_OBJECT_NOT_FOUND (0x80bb0001) aIID={5bfd8965-b81b-469f-8649-f717ce97a5d5} aComponent={NvramStoreWrap} aText={The UEFI NVRAM file is not existing for this machine}, preserve=false aResultDetail=0
07:32:15.767575 DCon491  ERROR [COM]: aRC=NS_ERROR_FAILURE (0x80004005) aIID={83cfdc66-4f20-4569-ad39-8722f7d472b3} aComponent={RecordingSettingsWrap} aText={Recording not started}, preserve=false aResultDetail=0
07:32:15.791063 DCon525  ERROR [COM]: aRC=VBOX_E_OBJECT_NOT_FOUND (0x80bb0001) aIID={5bfd8965-b81b-469f-8649-f717ce97a5d5} aComponent={NvramStoreWrap} aText={The UEFI NVRAM file is not existing for this machine}, preserve=false aResultDetail=0
09:07:04.394826 DCon628  ERROR [COM]: aRC=NS_ERROR_FAILURE (0x80004005) aIID={83cfdc66-4f20-4569-ad39-8722f7d472b3} aComponent={RecordingSettingsWrap} aText={Recording not started}, preserve=false aResultDetail=0
09:07:04.402581 DCon631  Saving settings file "/home/eduardo/VirtualBox VMs/W10/W10.vbox" with version "1.19-linux"
09:07:04.426900 DCon631  Finished saving settings file "/home/eduardo/VirtualBox VMs/W10/W10.vbox"
09:07:04.471814 DCon632  ERROR [COM]: aRC=NS_ERROR_FAILURE (0x80004005) aIID={83cfdc66-4f20-4569-ad39-8722f7d472b3} aComponent={RecordingSettingsWrap} aText={Recording not started}, preserve=false aResultDetail=0
09:07:04.477879 DCon632  ERROR [COM]: aRC=NS_ERROR_INVALID_ARG (0x80070057) aIID={e36a5081-a82a-40bd-9e4e-42a44d6ce50f} aComponent={SessionMachine} aText={Properties with TRANSIENT or TRANSRESET flag cannot be set or modified if VM is not running}, preserve=false aResultDetail=0
09:07:04.549965 DCon631  ERROR [COM]: aRC=VBOX_E_OBJECT_NOT_FOUND (0x80bb0001) aIID={5bfd8965-b81b-469f-8649-f717ce97a5d5} aComponent={NvramStoreWrap} aText={The UEFI NVRAM file is not existing for this machine}, preserve=false aResultDetail=0
09:08:47.317086 main     Saving settings file "/home/eduardo/VirtualBox VMs/windows732/windows732.vbox" with version "1.19-linux"
09:08:47.714417 Watcher  Reaper: Pid 6563 (0x19a3) exited normally: 1 (0x1)
09:08:47.715496 main     Finished saving settings file "/home/eduardo/VirtualBox VMs/windows732/windows732.vbox"
09:08:48.311408 main     VirtualBox: object deletion starts
09:08:48.312082 main     ERROR [COM]: aRC=VBOX_E_OBJECT_IN_USE (0x80bb000c) aIID={7d510820-a678-4730-a862-818dcd3fbed0} aComponent={MediumWrap} aText={Medium '/home/eduardo/VirtualBox VMs/windows732/windows732.vdi' cannot be closed because it is still attached to 1 virtual machines}, preserve=false aResultDetail=0
09:08:48.313484 main     ERROR [COM]: aRC=VBOX_E_OBJECT_IN_USE (0x80bb000c) aIID={7d510820-a678-4730-a862-818dcd3fbed0} aComponent={MediumWrap} aText={Medium '/home/eduardo/VirtualBox VMs/w10/w10.vdi' cannot be closed because it is still attached to 1 virtual machines}, preserve=false aResultDetail=0
09:08:48.370351 main     HostDnsMonitor: shutting down ...
09:08:48.372317 main     HostDnsMonitor: shut down
09:08:48.393058 Watcher  ERROR [COM]: aRC=E_ACCESSDENIED (0x80070005) aIID={2ce10519-3c09-45d8-a12d-e887786146b7} aComponent={VirtualBoxWrap} aText={The object is not ready}, preserve=false aResultDetail=0
09:08:48.399569 main     VirtualBox: object deleted
